Fold 0
Model 0 best validation mse = 0.504280 on epoch 116
Model 0 test mse = 0.518862
Model 0 test rmse = 0.720321
Model 0 test r2 = 0.762437
Model 0 test ci = 0.847937
Model 1 best validation mse = 0.498681 on epoch 95
Model 1 test mse = 0.512472
Model 1 test rmse = 0.715872
Model 1 test r2 = 0.765362
Model 1 test ci = 0.847170
Model 2 best validation mse = 0.499715 on epoch 119
Model 2 test mse = 0.518191
Model 2 test rmse = 0.719855
Model 2 test r2 = 0.762744
Model 2 test ci = 0.847365
Ensemble test mse = 0.455498
Ensemble test rmse = 0.674906
Ensemble test r2 = 0.791448
Ensemble test ci = 0.859964
1-fold cross validation
	Seed 42 ==> test mse = 0.455498
	Seed 42 ==> test rmse = 0.674906
	Seed 42 ==> test r2 = 0.791448
	Seed 42 ==> test ci = 0.859964
Overall test mse = 0.455498 +/- 0.000000
Overall test Cindex = 0.859964 +/- 0.000000 
Overall test rmse = 0.674906 +/- 0.000000
Overall test Cindex = 0.859964 +/- 0.000000 
Overall test r2 = 0.791448 +/- 0.000000
Overall test Cindex = 0.859964 +/- 0.000000 
Overall test ci = 0.859964 +/- 0.000000
Overall test Cindex = 0.859964 +/- 0.000000 
Elapsed time = 3 days, 1:25:23
